2021/06/29 03:30:43 pre processing core.sol
2021/06/29 03:30:43 pre processing @openzeppelin/contracts/security/ReentrancyGuard.sol
2021/06/29 03:30:43 pre processing @openzeppelin/contracts/token/ERC20/utils/SafeERC20.sol
2021/06/29 03:30:43 pre processing proxyLib/OwnableUpgradeable.sol
2021/06/29 03:30:43 pre processing interfaces/IPlexusOracle.sol
2021/06/29 03:30:43 pre processing interfaces/staking/ITier1Staking.sol
2021/06/29 03:30:43 pre processing interfaces/token/IWETH.sol
2021/06/29 03:30:43 pre processing /home/yosimura/Documents/BlockChain/contracts/node_modules/@openzeppelin/contracts/utils/Address.sol
2021/06/29 03:30:43 pre processing @openzeppelin/contracts/token/ERC20/IERC20.sol
2021/06/29 03:30:43 pre processing interfaces/IConverter.sol
2021/06/29 03:30:43 pre processing @openzeppelin/contracts/security/ReentrancyGuard.sol
2021/06/29 03:30:43 pre processing @openzeppelin/contracts/token/ERC20/utils/SafeERC20.sol
2021/06/29 03:30:43 pre processing @openzeppelin/contracts/token/ERC20/IERC20.sol
2021/06/29 03:30:43 pre processing proxyLib/'./OwnableProxied.sol'
2021/06/29 03:30:43 Resolved  ReentrancyGuard.sol
2021/06/29 03:30:43 SafeERC20.sol remains unresolved
2021/06/29 03:30:43 Resolved  @openzeppelin/contracts/security/ReentrancyGuard.sol
2021/06/29 03:30:43 Resolved  @openzeppelin/contracts/token/ERC20/utils/SafeERC20.sol
2021/06/29 03:30:43 OwnableUpgradeable.sol remains unresolved
2021/06/29 03:30:43 Resolved  @openzeppelin/contracts/token/ERC20/IERC20.sol
2021/06/29 03:30:43 Resolved  IConverter.sol
2021/06/29 03:30:43 Resolved  OwnableProxied.sol'
2021/06/29 03:30:43 Resolved  IPlexusOracle.sol
2021/06/29 03:30:43 Resolved  ITier1Staking.sol
2021/06/29 03:30:43 Resolved  IWETH.sol
2021/06/29 03:30:43 core.sol remains unresolved
2021/06/29 03:30:43 Resolved  IERC20.sol
2021/06/29 03:30:43 Resolved  Address.sol
2021/06/29 03:30:43 Written @openzeppelin/contracts/token/ERC20/utils/SafeERC20.sol (0) lines
2021/06/29 03:30:43 OwnableUpgradeable.sol remains unresolved
2021/06/29 03:30:43 Written @openzeppelin/contracts/security/ReentrancyGuard.sol (0) lines
2021/06/29 03:30:43 Written IConverter.sol (16) lines
2021/06/29 03:30:43 Written OwnableProxied.sol' (0) lines
2021/06/29 03:30:43 Written @openzeppelin/contracts/token/ERC20/IERC20.sol (0) lines
2021/06/29 03:30:43 Written ITier1Staking.sol (16) lines
2021/06/29 03:30:43 Written IWETH.sol (8) lines
2021/06/29 03:30:43 core.sol remains unresolved
2021/06/29 03:30:43 Written IERC20.sol (71) lines
2021/06/29 03:30:43 Written Address.sol (183) lines
2021/06/29 03:30:43 Written IPlexusOracle.sol (34) lines
2021/06/29 03:30:43 Resolved  SafeERC20.sol
2021/06/29 03:30:43 Written ReentrancyGuard.sol (43) lines
2021/06/29 03:30:43 core.sol remains unresolved
2021/06/29 03:30:43 Written SafeERC20.sol (62) lines
2021/06/29 03:30:43 Resolved  OwnableUpgradeable.sol
2021/06/29 03:30:43 Written OwnableUpgradeable.sol (45) lines
2021/06/29 03:30:43 Resolved  core.sol
2021/06/29 03:30:43 Written core.sol (194) lines
